<?xml version="1.0" encoding="UTF-8"?>
<!-- Generated by org.testng.reporters.JUnitReportReporter -->
<testsuite skipped="0" hostname="Sai" name="nancy.Except" tests="4" failures="0" timestamp="2020-05-31T21:42:39 IST" time="21.316" errors="0">
  <testcase name="reg" time="5.799" classname="nancy.Except"/>
  <system-out/>
  <testcase name="testLogin" time="1.924" classname="nancy.Except"/>
  <system-out/>
  <testcase name="testCart" time="6.679" classname="nancy.Except"/>
  <system-out/>
  <testcase name="testPayment" time="6.914" classname="nancy.Except"/>
  <system-out/>
</testsuite> <!-- nancy.Except -->
